0 info it worked if it ends with ok
1 verbose cli [ '/home/changyoung/.nvm/versions/node/v7.1.0/bin/node',
1 verbose cli   '/home/changyoung/.nvm/versions/node/v7.1.0/bin/npm',
1 verbose cli   'start' ]
2 info using npm@3.10.9
3 info using node@v7.1.0
4 verbose run-script [ 'prestart', 'start', 'poststart' ]
5 info lifecycle keti@0.0.0~prestart: keti@0.0.0
6 silly lifecycle keti@0.0.0~prestart: no script for prestart, continuing
7 info lifecycle keti@0.0.0~start: keti@0.0.0
8 verbose lifecycle keti@0.0.0~start: unsafe-perm in lifecycle true
9 verbose lifecycle keti@0.0.0~start: PATH: /home/changyoung/.nvm/versions/node/v7.1.0/lib/node_modules/npm/bin/node-gyp-bin:/home/changyoung/code/WebstormProjects/KETI/node_modules/.bin:/home/changyoung/.rvm/gems/ruby-2.3.0/bin:/home/changyoung/.rvm/bin:/home/changyoung/bin:/home/changyoung/.linuxbrew/bin:/home/changyoung/.nvm/versions/node/v7.1.0/bin:/opt/ros/kinetic/bin:/home/changyoung/.rvm/gems/ruby-2.3.0/bin:/home/changyoung/.rvm/gems/ruby-2.3.0@global/bin:/home/changyoung/.rvm/rubies/ruby-2.3.0/bin:/bin:/home/changyoung/.rvm/bin:/home/changyoung/bin:/home/changyoung/.linuxbrew/bin:/home/changyoung/bin:/usr/local/sbin:/usr/local/bin:/usr/sbin:/usr/bin:/sbin:/bin:/usr/games:/usr/local/games:/snap/bin:/home/changyoung/.rvm/bin
10 verbose lifecycle keti@0.0.0~start: CWD: /home/changyoung/code/WebstormProjects/KETI
11 silly lifecycle keti@0.0.0~start: Args: [ '-c', 'node ./bin/www' ]
12 silly lifecycle keti@0.0.0~start: Returned: code: 1  signal: null
13 info lifecycle keti@0.0.0~start: Failed to exec start script
14 verbose stack Error: keti@0.0.0 start: `node ./bin/www`
14 verbose stack Exit status 1
14 verbose stack     at EventEmitter.<anonymous> (/home/changyoung/.nvm/versions/node/v7.1.0/lib/node_modules/npm/lib/utils/lifecycle.js:255:16)
14 verbose stack     at emitTwo (events.js:106:13)
14 verbose stack     at EventEmitter.emit (events.js:191:7)
14 verbose stack     at ChildProcess.<anonymous> (/home/changyoung/.nvm/versions/node/v7.1.0/lib/node_modules/npm/lib/utils/spawn.js:40:14)
14 verbose stack     at emitTwo (events.js:106:13)
14 verbose stack     at ChildProcess.emit (events.js:191:7)
14 verbose stack     at maybeClose (internal/child_process.js:885:16)
14 verbose stack     at Process.ChildProcess._handle.onexit (internal/child_process.js:226:5)
15 verbose pkgid keti@0.0.0
16 verbose cwd /home/changyoung/code/WebstormProjects/KETI
17 error Linux 4.4.0-98-generic
18 error argv "/home/changyoung/.nvm/versions/node/v7.1.0/bin/node" "/home/changyoung/.nvm/versions/node/v7.1.0/bin/npm" "start"
19 error node v7.1.0
20 error npm  v3.10.9
21 error code ELIFECYCLE
22 error keti@0.0.0 start: `node ./bin/www`
22 error Exit status 1
23 error Failed at the keti@0.0.0 start script 'node ./bin/www'.
23 error Make sure you have the latest version of node.js and npm installed.
23 error If you do, this is most likely a problem with the keti package,
23 error not with npm itself.
23 error Tell the author that this fails on your system:
23 error     node ./bin/www
23 error You can get information on how to open an issue for this project with:
23 error     npm bugs keti
23 error Or if that isn't available, you can get their info via:
23 error     npm owner ls keti
23 error There is likely additional logging output above.
24 verbose exit [ 1, true ]
