2017-09-19T17:26:26.667+0900 ***** SERVER RESTARTED *****
2017-09-19T17:26:26.670+0900 [initandlisten] MongoDB starting : pid=23631 port=27017 dbpath=/home/changyoung/code/WebstormProjects/KETI/data/db 64-bit host=changyoung-900X3K
2017-09-19T17:26:26.670+0900 [initandlisten] db version v2.6.10
2017-09-19T17:26:26.670+0900 [initandlisten] git version: nogitversion
2017-09-19T17:26:26.670+0900 [initandlisten] OpenSSL version: OpenSSL 1.0.2g  1 Mar 2016
2017-09-19T17:26:26.670+0900 [initandlisten] build info: Linux lgw01-12 3.19.0-25-generic #26~14.04.1-Ubuntu SMP Fri Jul 24 21:16:20 UTC 2015 x86_64 BOOST_LIB_VERSION=1_58
2017-09-19T17:26:26.670+0900 [initandlisten] allocator: tcmalloc
2017-09-19T17:26:26.670+0900 [initandlisten] options: { config: "mongodb.conf", net: { bindIp: "127.0.0.1" }, storage: { dbPath: "/home/changyoung/code/WebstormProjects/KETI/data/db", journal: { enabled: true } }, systemLog: { destination: "file", logAppend: true, path: "/home/changyoung/code/WebstormProjects/KETI/data/db_settings/log/mongodb.log" } }
2017-09-19T17:26:26.681+0900 [initandlisten] journal dir=/home/changyoung/code/WebstormProjects/KETI/data/db/journal
2017-09-19T17:26:26.681+0900 [initandlisten] recover : no journal files present, no recovery needed
2017-09-19T17:26:26.681+0900 [initandlisten] 
2017-09-19T17:26:26.681+0900 [initandlisten] ERROR: Insufficient free space for journal files
2017-09-19T17:26:26.681+0900 [initandlisten] Please make at least 3379MB available in /home/changyoung/code/WebstormProjects/KETI/data/db/journal or use --smallfiles
2017-09-19T17:26:26.681+0900 [initandlisten] 
2017-09-19T17:26:26.681+0900 [initandlisten] exception in initAndListen: 15926 Insufficient free space for journals, terminating
2017-09-19T17:26:26.681+0900 [initandlisten] dbexit: 
2017-09-19T17:26:26.681+0900 [initandlisten] shutdown: going to close listening sockets...
2017-09-19T17:26:26.681+0900 [initandlisten] shutdown: going to flush diaglog...
2017-09-19T17:26:26.681+0900 [initandlisten] shutdown: going to close sockets...
2017-09-19T17:26:26.682+0900 [initandlisten] shutdown: waiting for fs preallocator...
2017-09-19T17:26:26.682+0900 [initandlisten] shutdown: lock for final commit...
2017-09-19T17:26:26.682+0900 [initandlisten] shutdown: final commit...
2017-09-19T17:26:26.682+0900 [initandlisten] shutdown: closing all files...
2017-09-19T17:26:26.682+0900 [initandlisten] closeAllFiles() finished
2017-09-19T17:26:26.682+0900 [initandlisten] journalCleanup...
2017-09-19T17:26:26.682+0900 [initandlisten] removeJournalFiles
2017-09-19T17:26:26.687+0900 [initandlisten] shutdown: removing fs lock...
2017-09-19T17:26:26.688+0900 [initandlisten] dbexit: really exiting now
2017-09-19T17:26:41.358+0900 ***** SERVER RESTARTED *****
2017-09-19T17:26:41.360+0900 [initandlisten] MongoDB starting : pid=23649 port=27017 dbpath=/home/changyoung/code/WebstormProjects/KETI/data/db 64-bit host=changyoung-900X3K
2017-09-19T17:26:41.361+0900 [initandlisten] db version v2.6.10
2017-09-19T17:26:41.361+0900 [initandlisten] git version: nogitversion
2017-09-19T17:26:41.361+0900 [initandlisten] OpenSSL version: OpenSSL 1.0.2g  1 Mar 2016
2017-09-19T17:26:41.361+0900 [initandlisten] build info: Linux lgw01-12 3.19.0-25-generic #26~14.04.1-Ubuntu SMP Fri Jul 24 21:16:20 UTC 2015 x86_64 BOOST_LIB_VERSION=1_58
2017-09-19T17:26:41.361+0900 [initandlisten] allocator: tcmalloc
2017-09-19T17:26:41.361+0900 [initandlisten] options: { config: "mongodb.conf", net: { bindIp: "127.0.0.1" }, storage: { dbPath: "/home/changyoung/code/WebstormProjects/KETI/data/db", journal: { enabled: true } }, systemLog: { destination: "file", logAppend: true, path: "/home/changyoung/code/WebstormProjects/KETI/data/db_settings/log/mongodb.log" } }
2017-09-19T17:26:41.369+0900 [initandlisten] journal dir=/home/changyoung/code/WebstormProjects/KETI/data/db/journal
2017-09-19T17:26:41.369+0900 [initandlisten] recover : no journal files present, no recovery needed
2017-09-19T17:26:41.369+0900 [initandlisten] 
2017-09-19T17:26:41.369+0900 [initandlisten] ERROR: Insufficient free space for journal files
2017-09-19T17:26:41.369+0900 [initandlisten] Please make at least 3379MB available in /home/changyoung/code/WebstormProjects/KETI/data/db/journal or use --smallfiles
2017-09-19T17:26:41.369+0900 [initandlisten] 
2017-09-19T17:26:41.369+0900 [initandlisten] exception in initAndListen: 15926 Insufficient free space for journals, terminating
2017-09-19T17:26:41.369+0900 [initandlisten] dbexit: 
2017-09-19T17:26:41.369+0900 [initandlisten] shutdown: going to close listening sockets...
2017-09-19T17:26:41.369+0900 [initandlisten] shutdown: going to flush diaglog...
2017-09-19T17:26:41.369+0900 [initandlisten] shutdown: going to close sockets...
2017-09-19T17:26:41.369+0900 [initandlisten] shutdown: waiting for fs preallocator...
2017-09-19T17:26:41.369+0900 [initandlisten] shutdown: lock for final commit...
2017-09-19T17:26:41.369+0900 [initandlisten] shutdown: final commit...
2017-09-19T17:26:41.369+0900 [initandlisten] shutdown: closing all files...
2017-09-19T17:26:41.369+0900 [initandlisten] closeAllFiles() finished
2017-09-19T17:26:41.369+0900 [initandlisten] journalCleanup...
2017-09-19T17:26:41.369+0900 [initandlisten] removeJournalFiles
2017-09-19T17:26:41.375+0900 [initandlisten] shutdown: removing fs lock...
2017-09-19T17:26:41.375+0900 [initandlisten] dbexit: really exiting now
2017-09-19T17:41:56.062+0900 ***** SERVER RESTARTED *****
2017-09-19T17:41:56.064+0900 [initandlisten] MongoDB starting : pid=24561 port=27017 dbpath=/home/changyoung/code/WebstormProjects/KETI/data/db 64-bit host=changyoung-900X3K
2017-09-19T17:41:56.064+0900 [initandlisten] db version v2.6.10
2017-09-19T17:41:56.064+0900 [initandlisten] git version: nogitversion
2017-09-19T17:41:56.064+0900 [initandlisten] OpenSSL version: OpenSSL 1.0.2g  1 Mar 2016
2017-09-19T17:41:56.064+0900 [initandlisten] build info: Linux lgw01-12 3.19.0-25-generic #26~14.04.1-Ubuntu SMP Fri Jul 24 21:16:20 UTC 2015 x86_64 BOOST_LIB_VERSION=1_58
2017-09-19T17:41:56.064+0900 [initandlisten] allocator: tcmalloc
2017-09-19T17:41:56.065+0900 [initandlisten] options: { config: "mongodb.conf", net: { bindIp: "127.0.0.1" }, storage: { dbPath: "/home/changyoung/code/WebstormProjects/KETI/data/db", journal: { enabled: true } }, systemLog: { destination: "file", logAppend: true, path: "/home/changyoung/code/WebstormProjects/KETI/data/db_settings/log/mongodb.log" } }
2017-09-19T17:41:56.079+0900 [initandlisten] journal dir=/home/changyoung/code/WebstormProjects/KETI/data/db/journal
2017-09-19T17:41:56.079+0900 [initandlisten] recover : no journal files present, no recovery needed
2017-09-19T17:41:56.079+0900 [initandlisten] 
2017-09-19T17:41:56.079+0900 [initandlisten] ERROR: Insufficient free space for journal files
2017-09-19T17:41:56.079+0900 [initandlisten] Please make at least 3379MB available in /home/changyoung/code/WebstormProjects/KETI/data/db/journal or use --smallfiles
2017-09-19T17:41:56.079+0900 [initandlisten] 
2017-09-19T17:41:56.079+0900 [initandlisten] exception in initAndListen: 15926 Insufficient free space for journals, terminating
2017-09-19T17:41:56.079+0900 [initandlisten] dbexit: 
2017-09-19T17:41:56.079+0900 [initandlisten] shutdown: going to close listening sockets...
2017-09-19T17:41:56.079+0900 [initandlisten] shutdown: going to flush diaglog...
2017-09-19T17:41:56.079+0900 [initandlisten] shutdown: going to close sockets...
2017-09-19T17:41:56.079+0900 [initandlisten] shutdown: waiting for fs preallocator...
2017-09-19T17:41:56.079+0900 [initandlisten] shutdown: lock for final commit...
2017-09-19T17:41:56.079+0900 [initandlisten] shutdown: final commit...
2017-09-19T17:41:56.079+0900 [initandlisten] shutdown: closing all files...
2017-09-19T17:41:56.079+0900 [initandlisten] closeAllFiles() finished
2017-09-19T17:41:56.079+0900 [initandlisten] journalCleanup...
2017-09-19T17:41:56.079+0900 [initandlisten] removeJournalFiles
2017-09-19T17:41:56.085+0900 [initandlisten] shutdown: removing fs lock...
2017-09-19T17:41:56.085+0900 [initandlisten] dbexit: really exiting now
